2025-03-25 16:33:56 - app.log - DEBUG - This is a debug message. (log.py:57)
2025-03-25 16:33:56 - app.log - INFO - This is an info message. (log.py:58)
2025-03-25 16:33:56 - app.log - WARNING - This is a warning message. (log.py:59)
2025-03-25 16:33:56 - app.log - ERROR - This is an error message. (log.py:60)
2025-03-25 16:33:56 - app.log - CRITICAL - This is a critical message. (log.py:61)
2025-03-25 16:37:01 - app.log - INFO - This is an info message. (log.py:51)
2025-03-25 17:14:30 - app.log - INFO -                   time  power_load
0  2013-09-02 00:00:00      750.75
1  2013-09-02 01:00:00      716.94
2  2013-09-02 02:00:00      712.77
3  2013-09-02 03:00:00      684.86
4  2013-09-02 04:00:00      728.79 (common.py:23)
2025-03-25 19:47:35 - app.log - INFO - 提取月份特征 (train.py:67)
2025-03-25 19:47:35 - app.log - INFO - 提取周几特征 (train.py:72)
2025-03-25 19:47:41 - app.log - INFO - 提取小时特征 (train.py:77)
2025-03-25 19:47:41 - app.log - INFO - 提取前3个小时负载 (train.py:82)
2025-03-25 19:47:41 - app.log - INFO - 特征合并 (train.py:88)
2025-03-25 19:48:58 - app.log - INFO - 提取月份特征 (train.py:67)
2025-03-25 19:48:58 - app.log - INFO - 提取周几特征 (train.py:72)
2025-03-25 19:49:04 - app.log - INFO - 提取小时特征 (train.py:77)
2025-03-25 19:49:04 - app.log - INFO - 提取前3个小时负载 (train.py:82)
2025-03-25 19:49:04 - app.log - INFO - 特征合并 (train.py:88)
2025-03-25 19:50:20 - app.log - INFO - 提取月份特征 (train.py:67)
2025-03-25 19:50:20 - app.log - INFO - 提取周几特征 (train.py:72)
2025-03-25 19:50:26 - app.log - INFO - 提取小时特征 (train.py:77)
2025-03-25 19:50:26 - app.log - INFO - 提取前3个小时负载 (train.py:82)
2025-03-25 19:50:26 - app.log - INFO - 特征合并 (train.py:89)
2025-03-25 19:51:15 - app.log - INFO - 提取月份特征 (train.py:67)
2025-03-25 19:51:15 - app.log - INFO - 提取周几特征 (train.py:72)
2025-03-25 19:51:21 - app.log - INFO - 提取小时特征 (train.py:77)
2025-03-25 19:51:21 - app.log - INFO - 提取前3个小时负载 (train.py:82)
2025-03-25 19:51:21 - app.log - INFO - 特征合并 (train.py:89)
2025-03-25 19:54:22 - app.log - INFO - 提取月份特征 (train.py:67)
2025-03-25 19:54:22 - app.log - INFO - 提取周几特征 (train.py:72)
2025-03-25 19:54:28 - app.log - INFO - 提取小时特征 (train.py:77)
2025-03-25 19:54:28 - app.log - INFO - 提取前3个小时负载 (train.py:82)
2025-03-25 19:54:28 - app.log - INFO - 特征合并 (train.py:88)
2025-03-25 20:12:01 - app.log - INFO - 提取月份特征 (train.py:67)
2025-03-25 20:12:01 - app.log - INFO - 提取周几特征 (train.py:72)
2025-03-25 20:12:06 - app.log - INFO - 提取小时特征 (train.py:77)
2025-03-25 20:12:06 - app.log - INFO - 提取前3个小时负载 (train.py:82)
2025-03-25 20:12:06 - app.log - INFO - 提取前三天同时刻负载 (train.py:88)
2025-03-25 20:12:18 - app.log - INFO - 提取月份特征 (train.py:67)
2025-03-25 20:12:18 - app.log - INFO - 提取周几特征 (train.py:72)
2025-03-25 20:12:24 - app.log - INFO - 提取小时特征 (train.py:77)
2025-03-25 20:12:24 - app.log - INFO - 提取前3个小时负载 (train.py:82)
2025-03-25 20:12:24 - app.log - INFO - 提取前三天同时刻负载 (train.py:88)
2025-03-25 20:12:44 - app.log - INFO - 特征合并 (train.py:94)
2025-03-25 20:13:44 - app.log - INFO - 提取月份特征 (train.py:67)
2025-03-25 20:13:44 - app.log - INFO - 提取周几特征 (train.py:72)
2025-03-25 20:13:49 - app.log - INFO - 提取小时特征 (train.py:77)
2025-03-25 20:13:49 - app.log - INFO - 提取前3个小时负载 (train.py:82)
2025-03-25 20:13:49 - app.log - INFO - 提取前三天同时刻负载 (train.py:88)
2025-03-25 20:14:07 - app.log - INFO - 特征合并 (train.py:93)
2025-03-25 20:17:05 - app.log - INFO - 提取月份特征 (train.py:67)
2025-03-25 20:17:05 - app.log - INFO - 提取周几特征 (train.py:72)
2025-03-25 20:17:10 - app.log - INFO - 提取小时特征 (train.py:77)
2025-03-25 20:17:10 - app.log - INFO - 提取前3个小时负载 (train.py:82)
2025-03-25 20:17:10 - app.log - INFO - 提取前三天同时刻负载 (train.py:88)
2025-03-25 20:20:16 - app.log - INFO - 提取月份特征 (train.py:67)
2025-03-25 20:20:16 - app.log - INFO - 提取周几特征 (train.py:72)
2025-03-25 20:20:24 - app.log - INFO - 提取小时特征 (train.py:77)
2025-03-25 20:20:24 - app.log - INFO - 提取前n个小时负载 (train.py:82)
2025-03-25 20:20:24 - app.log - INFO - 提取前n天同时刻负载 (train.py:88)
2025-03-25 20:21:05 - app.log - INFO - 提取月份特征 (train.py:67)
2025-03-25 20:21:05 - app.log - INFO - 提取周几特征 (train.py:72)
2025-03-25 20:21:12 - app.log - INFO - 提取月份特征 (train.py:67)
2025-03-25 20:21:12 - app.log - INFO - 提取周几特征 (train.py:72)
2025-03-25 20:21:20 - app.log - INFO - 提取小时特征 (train.py:77)
2025-03-25 20:21:20 - app.log - INFO - 提取前n个小时负载 (train.py:82)
2025-03-25 20:21:20 - app.log - INFO - 提取前n天同时刻负载 (train.py:88)
2025-03-25 20:21:50 - app.log - INFO - 特征合并 (train.py:100)
2025-03-25 20:22:28 - app.log - INFO - 提取月份特征 (train.py:67)
2025-03-25 20:22:28 - app.log - INFO - 提取周几特征 (train.py:72)
2025-03-25 20:22:34 - app.log - INFO - 提取小时特征 (train.py:77)
2025-03-25 20:22:34 - app.log - INFO - 提取前n个小时负载 (train.py:82)
2025-03-25 20:22:34 - app.log - INFO - 提取前n天同时刻负载 (train.py:88)
2025-03-25 20:22:52 - app.log - INFO - 特征合并 (train.py:100)
2025-03-25 20:23:25 - app.log - INFO - 提取月份特征 (train.py:67)
2025-03-25 20:23:25 - app.log - INFO - 提取周几特征 (train.py:72)
2025-03-25 20:23:31 - app.log - INFO - 提取小时特征 (train.py:77)
2025-03-25 20:23:31 - app.log - INFO - 提取前n个小时负载 (train.py:82)
2025-03-25 20:23:31 - app.log - INFO - 提取前n天同时刻负载 (train.py:88)
2025-03-25 20:23:49 - app.log - INFO - 特征合并 (train.py:100)
2025-03-25 20:24:59 - app.log - INFO - 提取月份特征 (train.py:67)
2025-03-25 20:24:59 - app.log - INFO - 提取周几特征 (train.py:72)
2025-03-25 20:25:28 - app.log - INFO - 提取小时特征 (train.py:77)
2025-03-25 20:25:28 - app.log - INFO - 提取前n个小时负载 (train.py:82)
2025-03-25 20:25:28 - app.log - INFO - 提取前n天同时刻负载 (train.py:88)
2025-03-25 20:30:37 - app.log - INFO - 提取月份特征 (train.py:67)
2025-03-25 20:30:37 - app.log - INFO - 提取周几特征 (train.py:72)
2025-03-25 20:30:42 - app.log - INFO - 提取小时特征 (train.py:77)
2025-03-25 20:30:42 - app.log - INFO - 提取前n个小时负载 (train.py:82)
2025-03-25 20:30:42 - app.log - INFO - 提取前n天同时刻负载 (train.py:88)
2025-03-25 20:31:00 - app.log - INFO - 特征合并 (train.py:100)
2025-03-25 20:31:39 - app.log - INFO - 提取月份特征 (train.py:67)
2025-03-25 20:31:39 - app.log - INFO - 提取周几特征 (train.py:72)
2025-03-25 20:31:39 - app.log - INFO - 提取小时特征 (train.py:77)
2025-03-25 20:31:39 - app.log - INFO - 提取前n个小时负载 (train.py:82)
2025-03-25 20:31:39 - app.log - INFO - 提取前n天同时刻负载 (train.py:88)
2025-03-25 20:33:11 - app.log - INFO - 提取月份特征 (train.py:67)
2025-03-25 20:33:11 - app.log - INFO - 提取周几特征 (train.py:72)
2025-03-25 20:33:11 - app.log - INFO - 提取小时特征 (train.py:77)
2025-03-25 20:33:11 - app.log - INFO - 提取前n个小时负载 (train.py:82)
2025-03-25 20:33:11 - app.log - INFO - 提取前n天同时刻负载 (train.py:88)
2025-03-25 20:33:11 - app.log - INFO - 特征合并 (train.py:101)
2025-03-25 20:37:27 - app.log - INFO - 提取月份特征 (train.py:67)
2025-03-25 20:37:27 - app.log - INFO - 提取周几特征 (train.py:72)
2025-03-25 20:37:35 - app.log - INFO - 提取小时特征 (train.py:77)
2025-03-25 20:37:35 - app.log - INFO - 提取前n个小时负载 (train.py:82)
2025-03-25 20:37:35 - app.log - INFO - 提取前n天同时刻负载 (train.py:88)
2025-03-25 20:38:05 - app.log - INFO - 特征合并 (train.py:100)
2025-03-25 20:44:05 - app.log - INFO - 提取月份特征 (train.py:68)
2025-03-25 20:44:05 - app.log - INFO - 提取周几特征 (train.py:73)
2025-03-25 20:44:11 - app.log - INFO - 提取小时特征 (train.py:78)
2025-03-25 20:44:11 - app.log - INFO - 提取前n个小时负载 (train.py:83)
2025-03-25 20:44:11 - app.log - INFO - 提取前n天同时刻负载 (train.py:89)
2025-03-25 20:44:30 - app.log - INFO - 特征合并 (train.py:101)
2025-03-25 20:44:30 - app.log - INFO - Index(['month_1', 'month_2', 'month_3', 'month_4', 'month_5', 'month_6',
       'month_7', 'month_8', 'month_9', 'month_10', 'month_11', 'month_12',
       'weekday_1', 'weekday_2', 'weekday_3', 'weekday_4', 'weekday_5',
       'weekday_6', 'weekday_7', 'hour_0', 'hour_1', 'hour_2', 'hour_3',
       'hour_4', 'hour_5', 'hour_6', 'hour_7', 'hour_8', 'hour_9', 'hour_10',
       'hour_11', 'hour_12', 'hour_13', 'hour_14', 'hour_15', 'hour_16',
       'hour_17', 'hour_18', 'hour_19', 'hour_20', 'hour_21', 'hour_22',
       'hour_23', '前1小时负载', '前2小时负载', '前3小时负载', '前1天同时刻负载', '前2天同时刻负载',
       '前3天同时刻负载'],
      dtype='object') (train.py:109)
2025-03-25 20:44:30 - app.log - INFO - 切分训练集，测试集 (train.py:114)
2025-03-25 20:46:34 - app.log - INFO - 提取月份特征 (train.py:64)
2025-03-25 20:46:34 - app.log - INFO - 提取周几特征 (train.py:69)
2025-03-25 20:46:40 - app.log - INFO - 提取小时特征 (train.py:74)
2025-03-25 20:46:40 - app.log - INFO - 提取前n个小时负载 (train.py:79)
2025-03-25 20:46:40 - app.log - INFO - 提取前n天同时刻负载 (train.py:85)
2025-03-25 20:46:58 - app.log - INFO - 特征合并 (train.py:97)
2025-03-25 20:46:58 - app.log - INFO - Index(['month_1', 'month_2', 'month_3', 'month_4', 'month_5', 'month_6',
       'month_7', 'month_8', 'month_9', 'month_10', 'month_11', 'month_12',
       'weekday_1', 'weekday_2', 'weekday_3', 'weekday_4', 'weekday_5',
       'weekday_6', 'weekday_7', 'hour_0', 'hour_1', 'hour_2', 'hour_3',
       'hour_4', 'hour_5', 'hour_6', 'hour_7', 'hour_8', 'hour_9', 'hour_10',
       'hour_11', 'hour_12', 'hour_13', 'hour_14', 'hour_15', 'hour_16',
       'hour_17', 'hour_18', 'hour_19', 'hour_20', 'hour_21', 'hour_22',
       'hour_23', '前1小时负载', '前2小时负载', '前3小时负载', '前1天同时刻负载', '前2天同时刻负载',
       '前3天同时刻负载', 'power_load'],
      dtype='object') (train.py:105)
2025-03-25 20:46:58 - app.log - INFO - 切分训练集，测试集 (train.py:113)
2025-03-25 20:46:58 - app.log - INFO - 网格搜索，交叉验证 (train.py:122)
2025-03-25 20:47:31 - app.log - INFO - XGBRegressor(base_score=None, booster=None, callbacks=None,
             colsample_bylevel=None, colsample_bynode=None,
             colsample_bytree=None, device=None, early_stopping_rounds=None,
             enable_categorical=False, eval_metric=None, feature_types=None,
             feature_weights=None, gamma=None, grow_policy=None,
             importance_type=None, interaction_constraints=None,
             learning_rate=0.1, max_bin=None, max_cat_threshold=None,
             max_cat_to_onehot=None, max_delta_step=None, max_depth=6,
             max_leaves=None, min_child_weight=None, missing=nan,
             monotone_constraints=None, multi_strategy=None, n_estimators=100,
             n_jobs=None, num_parallel_tree=None, ...) (train.py:124)
2025-03-25 20:47:31 - app.log - INFO - 0.8681287181558108 (train.py:125)
2025-03-25 20:50:53 - app.log - INFO - 提取月份特征 (train.py:66)
2025-03-25 20:50:53 - app.log - INFO - 提取周几特征 (train.py:71)
2025-03-25 20:51:01 - app.log - INFO - 提取小时特征 (train.py:76)
2025-03-25 20:51:01 - app.log - INFO - 提取前n个小时负载 (train.py:81)
2025-03-25 20:51:01 - app.log - INFO - 提取前n天同时刻负载 (train.py:87)
2025-03-25 20:51:20 - app.log - INFO - 特征合并 (train.py:99)
2025-03-25 20:51:20 - app.log - INFO - Index(['month_1', 'month_2', 'month_3', 'month_4', 'month_5', 'month_6',
       'month_7', 'month_8', 'month_9', 'month_10', 'month_11', 'month_12',
       'weekday_1', 'weekday_2', 'weekday_3', 'weekday_4', 'weekday_5',
       'weekday_6', 'weekday_7', 'hour_0', 'hour_1', 'hour_2', 'hour_3',
       'hour_4', 'hour_5', 'hour_6', 'hour_7', 'hour_8', 'hour_9', 'hour_10',
       'hour_11', 'hour_12', 'hour_13', 'hour_14', 'hour_15', 'hour_16',
       'hour_17', 'hour_18', 'hour_19', 'hour_20', 'hour_21', 'hour_22',
       'hour_23', '前1小时负载', '前2小时负载', '前3小时负载', '前1天同时刻负载', '前2天同时刻负载',
       '前3天同时刻负载', 'power_load'],
      dtype='object') (train.py:107)
2025-03-25 20:51:20 - app.log - INFO - 切分训练集，测试集 (train.py:115)
2025-03-25 20:51:20 - app.log - INFO - =========================模型训练完成============================= (train.py:151)
2025-03-25 20:51:20 - app.log - INFO - 模型在训练集上的均方误差：3267.8657894788944 (train.py:152)
2025-03-25 20:51:20 - app.log - INFO - 模型在训练集上的平均绝对误差：35.06779752549508 (train.py:153)
2025-03-25 20:51:20 - app.log - INFO - 模型在测试集上的均方误差：6211.6812373518 (train.py:154)
2025-03-25 20:51:20 - app.log - INFO - 模型在测试集上的平均绝对误差：46.14673029554262 (train.py:155)
2025-03-25 21:11:25 - app.log - INFO - 提取月份特征 (train.py:66)
2025-03-25 21:11:25 - app.log - INFO - 提取周几特征 (train.py:71)
2025-03-25 21:11:26 - app.log - INFO - 提取小时特征 (train.py:76)
2025-03-25 21:11:26 - app.log - INFO - 提取前n个小时负载 (train.py:81)
2025-03-25 21:11:26 - app.log - INFO - 提取前n天同时刻负载 (train.py:87)
2025-03-25 21:11:26 - app.log - INFO - 特征合并 (train.py:99)
2025-03-25 21:12:08 - app.log - INFO - 提取月份特征 (train.py:66)
2025-03-25 21:12:08 - app.log - INFO - 提取周几特征 (train.py:71)
2025-03-25 21:12:08 - app.log - INFO - 提取小时特征 (train.py:76)
2025-03-25 21:12:08 - app.log - INFO - 提取前n个小时负载 (train.py:81)
2025-03-25 21:12:08 - app.log - INFO - 提取前n天同时刻负载 (train.py:87)
2025-03-25 21:12:09 - app.log - INFO - 特征合并 (train.py:99)
2025-03-25 21:12:33 - app.log - INFO - 提取月份特征 (train.py:66)
2025-03-25 21:12:33 - app.log - INFO - 提取周几特征 (train.py:71)
2025-03-25 21:12:34 - app.log - INFO - 提取小时特征 (train.py:76)
2025-03-25 21:12:34 - app.log - INFO - 提取前n个小时负载 (train.py:81)
2025-03-25 21:12:34 - app.log - INFO - 提取前n天同时刻负载 (train.py:87)
2025-03-25 21:12:34 - app.log - INFO - 特征合并 (train.py:99)
2025-03-25 21:13:10 - app.log - INFO - 提取月份特征 (train.py:66)
2025-03-25 21:13:10 - app.log - INFO - 提取周几特征 (train.py:71)
2025-03-25 21:13:11 - app.log - INFO - 提取小时特征 (train.py:76)
2025-03-25 21:13:11 - app.log - INFO - 提取前n个小时负载 (train.py:81)
2025-03-25 21:13:11 - app.log - INFO - 提取前n天同时刻负载 (train.py:87)
2025-03-25 21:13:12 - app.log - INFO - 特征合并 (train.py:99)
2025-03-25 21:13:35 - app.log - INFO - 提取月份特征 (train.py:66)
2025-03-25 21:13:35 - app.log - INFO - 提取周几特征 (train.py:71)
2025-03-25 21:13:36 - app.log - INFO - 提取小时特征 (train.py:76)
2025-03-25 21:13:36 - app.log - INFO - 提取前n个小时负载 (train.py:81)
2025-03-25 21:13:36 - app.log - INFO - 提取前n天同时刻负载 (train.py:87)
2025-03-25 21:13:37 - app.log - INFO - 特征合并 (train.py:99)
2025-03-25 21:16:16 - app.log - INFO - 提取月份特征 (train.py:66)
2025-03-25 21:16:16 - app.log - INFO - 提取周几特征 (train.py:71)
2025-03-25 21:16:16 - app.log - INFO - 提取小时特征 (train.py:76)
2025-03-25 21:16:16 - app.log - INFO - 提取前n个小时负载 (train.py:81)
2025-03-25 21:16:16 - app.log - INFO - 提取前n天同时刻负载 (train.py:87)
2025-03-25 21:16:17 - app.log - INFO - 特征合并 (train.py:99)
2025-03-25 21:18:13 - app.log - INFO - 提取月份特征 (train.py:66)
2025-03-25 21:18:13 - app.log - INFO - 提取周几特征 (train.py:71)
2025-03-25 21:18:13 - app.log - INFO - 提取小时特征 (train.py:76)
2025-03-25 21:18:13 - app.log - INFO - 提取前n个小时负载 (train.py:81)
2025-03-25 21:18:13 - app.log - INFO - 提取前n天同时刻负载 (train.py:87)
2025-03-25 21:18:14 - app.log - INFO - 特征合并 (train.py:99)
2025-03-25 21:21:22 - app.log - INFO - 提取月份特征 (train.py:66)
2025-03-25 21:21:22 - app.log - INFO - 提取周几特征 (train.py:71)
2025-03-25 21:21:22 - app.log - INFO - 提取小时特征 (train.py:76)
2025-03-25 21:21:22 - app.log - INFO - 提取前n个小时负载 (train.py:81)
2025-03-25 21:21:22 - app.log - INFO - 提取前n天同时刻负载 (train.py:87)
2025-03-25 21:21:23 - app.log - INFO - 特征合并 (train.py:99)
2025-03-25 21:23:10 - app.log - INFO - 提取月份特征 (train.py:66)
2025-03-25 21:23:10 - app.log - INFO - 提取周几特征 (train.py:71)
2025-03-25 21:23:10 - app.log - INFO - 提取小时特征 (train.py:76)
2025-03-25 21:23:10 - app.log - INFO - 提取前n个小时负载 (train.py:81)
2025-03-25 21:23:10 - app.log - INFO - 提取前n天同时刻负载 (train.py:87)
2025-03-25 21:23:11 - app.log - INFO - 特征合并 (train.py:99)
2025-03-25 21:24:45 - app.log - INFO - 提取月份特征 (train.py:66)
2025-03-25 21:24:45 - app.log - INFO - 提取周几特征 (train.py:71)
2025-03-25 21:24:45 - app.log - INFO - 提取小时特征 (train.py:76)
2025-03-25 21:24:45 - app.log - INFO - 提取前n个小时负载 (train.py:81)
2025-03-25 21:24:45 - app.log - INFO - 提取前n天同时刻负载 (train.py:87)
2025-03-25 21:24:46 - app.log - INFO - 特征合并 (train.py:99)
2025-03-25 21:26:15 - app.log - INFO - 提取月份特征 (train.py:66)
2025-03-25 21:26:15 - app.log - INFO - 提取周几特征 (train.py:71)
2025-03-25 21:26:16 - app.log - INFO - 提取小时特征 (train.py:76)
2025-03-25 21:26:16 - app.log - INFO - 提取前n个小时负载 (train.py:81)
2025-03-25 21:26:16 - app.log - INFO - 提取前n天同时刻负载 (train.py:87)
2025-03-25 21:26:16 - app.log - INFO - 特征合并 (train.py:99)
2025-03-25 21:28:36 - app.log - INFO - 提取月份特征 (train.py:66)
2025-03-25 21:28:36 - app.log - INFO - 提取周几特征 (train.py:71)
2025-03-25 21:28:36 - app.log - INFO - 提取小时特征 (train.py:76)
2025-03-25 21:28:36 - app.log - INFO - 提取前n个小时负载 (train.py:81)
2025-03-25 21:28:36 - app.log - INFO - 提取前n天同时刻负载 (train.py:87)
2025-03-25 21:28:37 - app.log - INFO - 特征合并 (train.py:99)
2025-03-25 21:28:47 - app.log - INFO - 提取月份特征 (train.py:66)
2025-03-25 21:28:47 - app.log - INFO - 提取周几特征 (train.py:71)
2025-03-25 21:28:48 - app.log - INFO - 提取小时特征 (train.py:76)
2025-03-25 21:28:48 - app.log - INFO - 提取前n个小时负载 (train.py:81)
2025-03-25 21:28:48 - app.log - INFO - 提取前n天同时刻负载 (train.py:87)
2025-03-25 21:28:48 - app.log - INFO - 特征合并 (train.py:99)
2025-03-25 21:28:49 - app.log - INFO -             时间  真实值  预测值
time       NaN  NaN  NaN
power_load NaN  NaN  NaN
Unnamed 0  NaN  NaN  NaN (predict.py:42)
2025-03-25 21:30:19 - app.log - INFO - 提取月份特征 (train.py:66)
2025-03-25 21:30:19 - app.log - INFO - 提取周几特征 (train.py:71)
2025-03-25 21:30:20 - app.log - INFO - 提取小时特征 (train.py:76)
2025-03-25 21:30:20 - app.log - INFO - 提取前n个小时负载 (train.py:81)
2025-03-25 21:30:20 - app.log - INFO - 提取前n天同时刻负载 (train.py:87)
2025-03-25 21:30:21 - app.log - INFO - 特征合并 (train.py:99)
2025-03-25 21:30:21 - app.log - INFO -                    time  power_load            0
72  2015-08-03 00:00:00      830.62  1108.352783
73  2015-08-03 01:00:00      796.67   967.906860
74  2015-08-03 02:00:00      818.64   962.773315
75  2015-08-03 03:00:00      802.66   882.859985
76  2015-08-03 04:00:00      928.45   935.973328
..                  ...         ...          ...
67                  NaN         NaN  1278.899414
68                  NaN         NaN  1267.068359
69                  NaN         NaN  1261.503540
70                  NaN         NaN  1180.491455
71                  NaN         NaN  1186.782715

[768 rows x 3 columns] (predict.py:43)
2025-03-25 21:33:40 - app.log - INFO - 提取月份特征 (train.py:66)
2025-03-25 21:33:40 - app.log - INFO - 提取周几特征 (train.py:71)
2025-03-25 21:33:40 - app.log - INFO - 提取小时特征 (train.py:76)
2025-03-25 21:33:40 - app.log - INFO - 提取前n个小时负载 (train.py:81)
2025-03-25 21:33:40 - app.log - INFO - 提取前n天同时刻负载 (train.py:87)
2025-03-25 21:33:41 - app.log - INFO - 特征合并 (train.py:99)
2025-03-25 21:33:42 - app.log - INFO -                      时间     真实值          预测值
72  2015-08-03 00:00:00  830.62  1108.352783
73  2015-08-03 01:00:00  796.67   967.906860
74  2015-08-03 02:00:00  818.64   962.773315
75  2015-08-03 03:00:00  802.66   882.859985
76  2015-08-03 04:00:00  928.45   935.973328
..                  ...     ...          ...
67                  NaN     NaN  1278.899414
68                  NaN     NaN  1267.068359
69                  NaN     NaN  1261.503540
70                  NaN     NaN  1180.491455
71                  NaN     NaN  1186.782715

[768 rows x 3 columns] (predict.py:46)
2025-03-25 21:34:01 - app.log - INFO - 提取月份特征 (train.py:66)
2025-03-25 21:34:01 - app.log - INFO - 提取周几特征 (train.py:71)
2025-03-25 21:34:02 - app.log - INFO - 提取小时特征 (train.py:76)
2025-03-25 21:34:02 - app.log - INFO - 提取前n个小时负载 (train.py:81)
2025-03-25 21:34:02 - app.log - INFO - 提取前n天同时刻负载 (train.py:87)
2025-03-25 21:34:03 - app.log - INFO - 特征合并 (train.py:99)
2025-03-25 21:35:05 - app.log - INFO - 提取月份特征 (train.py:66)
2025-03-25 21:35:05 - app.log - INFO - 提取周几特征 (train.py:71)
2025-03-25 21:35:05 - app.log - INFO - 提取小时特征 (train.py:76)
2025-03-25 21:35:05 - app.log - INFO - 提取前n个小时负载 (train.py:81)
2025-03-25 21:35:05 - app.log - INFO - 提取前n天同时刻负载 (train.py:87)
2025-03-25 21:35:06 - app.log - INFO - 特征合并 (train.py:99)
2025-03-25 21:35:25 - app.log - INFO - 提取月份特征 (train.py:66)
2025-03-25 21:35:25 - app.log - INFO - 提取周几特征 (train.py:71)
2025-03-25 21:35:25 - app.log - INFO - 提取小时特征 (train.py:76)
2025-03-25 21:35:25 - app.log - INFO - 提取前n个小时负载 (train.py:81)
2025-03-25 21:35:25 - app.log - INFO - 提取前n天同时刻负载 (train.py:87)
2025-03-25 21:35:26 - app.log - INFO - 特征合并 (train.py:99)
2025-03-25 21:36:02 - app.log - INFO - 提取月份特征 (train.py:66)
2025-03-25 21:36:02 - app.log - INFO - 提取周几特征 (train.py:71)
2025-03-25 21:36:02 - app.log - INFO - 提取小时特征 (train.py:76)
2025-03-25 21:36:02 - app.log - INFO - 提取前n个小时负载 (train.py:81)
2025-03-25 21:36:02 - app.log - INFO - 提取前n天同时刻负载 (train.py:87)
2025-03-25 21:36:03 - app.log - INFO - 特征合并 (train.py:99)
2025-03-25 21:36:03 - app.log - INFO -                      时间     真实值          预测值
72  2015-08-03 00:00:00  830.62  1108.352783
73  2015-08-03 01:00:00  796.67   967.906860
74  2015-08-03 02:00:00  818.64   962.773315
75  2015-08-03 03:00:00  802.66   882.859985
76  2015-08-03 04:00:00  928.45   935.973328
..                  ...     ...          ...
67                  NaN     NaN  1278.899414
68                  NaN     NaN  1267.068359
69                  NaN     NaN  1261.503540
70                  NaN     NaN  1180.491455
71                  NaN     NaN  1186.782715

[768 rows x 3 columns] (predict.py:46)
2025-03-25 21:36:46 - app.log - INFO - 提取月份特征 (train.py:66)
2025-03-25 21:36:46 - app.log - INFO - 提取周几特征 (train.py:71)
2025-03-25 21:36:46 - app.log - INFO - 提取小时特征 (train.py:76)
2025-03-25 21:36:46 - app.log - INFO - 提取前n个小时负载 (train.py:81)
2025-03-25 21:36:46 - app.log - INFO - 提取前n天同时刻负载 (train.py:87)
2025-03-25 21:36:47 - app.log - INFO - 特征合并 (train.py:99)
2025-03-25 21:37:03 - app.log - INFO - 提取月份特征 (train.py:66)
2025-03-25 21:37:03 - app.log - INFO - 提取周几特征 (train.py:71)
2025-03-25 21:37:04 - app.log - INFO - 提取小时特征 (train.py:76)
2025-03-25 21:37:04 - app.log - INFO - 提取前n个小时负载 (train.py:81)
2025-03-25 21:37:04 - app.log - INFO - 提取前n天同时刻负载 (train.py:87)
2025-03-25 21:37:05 - app.log - INFO - 特征合并 (train.py:99)
2025-03-25 21:37:57 - app.log - INFO - 提取月份特征 (train.py:66)
2025-03-25 21:37:57 - app.log - INFO - 提取周几特征 (train.py:71)
2025-03-25 21:37:57 - app.log - INFO - 提取小时特征 (train.py:76)
2025-03-25 21:37:57 - app.log - INFO - 提取前n个小时负载 (train.py:81)
2025-03-25 21:37:57 - app.log - INFO - 提取前n天同时刻负载 (train.py:87)
2025-03-25 21:37:58 - app.log - INFO - 特征合并 (train.py:99)
2025-03-25 21:38:35 - app.log - INFO - 提取月份特征 (train.py:66)
2025-03-25 21:38:35 - app.log - INFO - 提取周几特征 (train.py:71)
2025-03-25 21:38:35 - app.log - INFO - 提取小时特征 (train.py:76)
2025-03-25 21:38:35 - app.log - INFO - 提取前n个小时负载 (train.py:81)
2025-03-25 21:38:35 - app.log - INFO - 提取前n天同时刻负载 (train.py:87)
2025-03-25 21:38:36 - app.log - INFO - 特征合并 (train.py:99)
2025-03-25 21:38:50 - app.log - INFO - 提取月份特征 (train.py:66)
2025-03-25 21:38:50 - app.log - INFO - 提取周几特征 (train.py:71)
2025-03-25 21:38:51 - app.log - INFO - 提取小时特征 (train.py:76)
2025-03-25 21:38:51 - app.log - INFO - 提取前n个小时负载 (train.py:81)
2025-03-25 21:38:51 - app.log - INFO - 提取前n天同时刻负载 (train.py:87)
2025-03-25 21:38:51 - app.log - INFO - 特征合并 (train.py:99)
2025-03-25 21:38:51 - app.log - INFO -                      时间     真实值          预测值
72  2015-08-03 00:00:00  830.62  1108.352783
73  2015-08-03 01:00:00  796.67   967.906860
74  2015-08-03 02:00:00  818.64   962.773315
75  2015-08-03 03:00:00  802.66   882.859985
76  2015-08-03 04:00:00  928.45   935.973328
..                  ...     ...          ...
67                  NaN     NaN  1278.899414
68                  NaN     NaN  1267.068359
69                  NaN     NaN  1261.503540
70                  NaN     NaN  1180.491455
71                  NaN     NaN  1186.782715

[768 rows x 3 columns] (predict.py:46)
2025-03-25 21:39:13 - app.log - INFO - 提取月份特征 (train.py:66)
2025-03-25 21:39:13 - app.log - INFO - 提取周几特征 (train.py:71)
2025-03-25 21:39:13 - app.log - INFO - 提取小时特征 (train.py:76)
2025-03-25 21:39:13 - app.log - INFO - 提取前n个小时负载 (train.py:81)
2025-03-25 21:39:13 - app.log - INFO - 提取前n天同时刻负载 (train.py:87)
2025-03-25 21:39:14 - app.log - INFO - 特征合并 (train.py:99)
2025-03-25 21:39:14 - app.log - INFO -                      时间     真实值          预测值
72  2015-08-03 00:00:00  830.62  1108.352783
73  2015-08-03 01:00:00  796.67   967.906860
74  2015-08-03 02:00:00  818.64   962.773315
75  2015-08-03 03:00:00  802.66   882.859985
76  2015-08-03 04:00:00  928.45   935.973328
..                  ...     ...          ...
67                  NaN     NaN  1278.899414
68                  NaN     NaN  1267.068359
69                  NaN     NaN  1261.503540
70                  NaN     NaN  1180.491455
71                  NaN     NaN  1186.782715

[768 rows x 3 columns] (predict.py:46)
2025-03-25 21:40:32 - app.log - INFO - 提取月份特征 (train.py:66)
2025-03-25 21:40:32 - app.log - INFO - 提取周几特征 (train.py:71)
2025-03-25 21:40:32 - app.log - INFO - 提取小时特征 (train.py:76)
2025-03-25 21:40:32 - app.log - INFO - 提取前n个小时负载 (train.py:81)
2025-03-25 21:40:32 - app.log - INFO - 提取前n天同时刻负载 (train.py:87)
2025-03-25 21:40:33 - app.log - INFO - 特征合并 (train.py:99)
2025-03-25 21:40:33 - app.log - INFO -                      时间     真实值          预测值
72  2015-08-03 00:00:00  830.62  1108.352783
73  2015-08-03 01:00:00  796.67   967.906860
74  2015-08-03 02:00:00  818.64   962.773315
75  2015-08-03 03:00:00  802.66   882.859985
76  2015-08-03 04:00:00  928.45   935.973328
..                  ...     ...          ...
67                  NaN     NaN  1278.899414
68                  NaN     NaN  1267.068359
69                  NaN     NaN  1261.503540
70                  NaN     NaN  1180.491455
71                  NaN     NaN  1186.782715

[768 rows x 3 columns] (predict.py:46)
2025-03-25 21:40:50 - app.log - INFO - 提取月份特征 (train.py:66)
2025-03-25 21:40:50 - app.log - INFO - 提取周几特征 (train.py:71)
2025-03-25 21:40:50 - app.log - INFO - 提取小时特征 (train.py:76)
2025-03-25 21:40:50 - app.log - INFO - 提取前n个小时负载 (train.py:81)
2025-03-25 21:40:50 - app.log - INFO - 提取前n天同时刻负载 (train.py:87)
2025-03-25 21:40:51 - app.log - INFO - 特征合并 (train.py:99)
2025-03-25 21:42:01 - app.log - INFO - 提取月份特征 (train.py:66)
2025-03-25 21:42:01 - app.log - INFO - 提取周几特征 (train.py:71)
2025-03-25 21:42:01 - app.log - INFO - 提取小时特征 (train.py:76)
2025-03-25 21:42:01 - app.log - INFO - 提取前n个小时负载 (train.py:81)
2025-03-25 21:42:01 - app.log - INFO - 提取前n天同时刻负载 (train.py:87)
2025-03-25 21:42:02 - app.log - INFO - 特征合并 (train.py:99)
2025-03-25 21:42:33 - app.log - INFO - 提取月份特征 (train.py:66)
2025-03-25 21:42:33 - app.log - INFO - 提取周几特征 (train.py:71)
2025-03-25 21:42:33 - app.log - INFO - 提取小时特征 (train.py:76)
2025-03-25 21:42:33 - app.log - INFO - 提取前n个小时负载 (train.py:81)
2025-03-25 21:42:33 - app.log - INFO - 提取前n天同时刻负载 (train.py:87)
2025-03-25 21:42:34 - app.log - INFO - 特征合并 (train.py:99)
2025-03-25 21:42:34 - app.log - INFO -                      时间     真实值          预测值
72  2015-08-03 00:00:00  830.62  1108.352783
73  2015-08-03 01:00:00  796.67   967.906860
74  2015-08-03 02:00:00  818.64   962.773315
75  2015-08-03 03:00:00  802.66   882.859985
76  2015-08-03 04:00:00  928.45   935.973328
..                  ...     ...          ...
67                  NaN     NaN  1278.899414
68                  NaN     NaN  1267.068359
69                  NaN     NaN  1261.503540
70                  NaN     NaN  1180.491455
71                  NaN     NaN  1186.782715

[768 rows x 3 columns] (predict.py:51)
2025-03-25 21:42:44 - app.log - INFO - 提取月份特征 (train.py:66)
2025-03-25 21:42:44 - app.log - INFO - 提取周几特征 (train.py:71)
2025-03-25 21:42:44 - app.log - INFO - 提取小时特征 (train.py:76)
2025-03-25 21:42:44 - app.log - INFO - 提取前n个小时负载 (train.py:81)
2025-03-25 21:42:44 - app.log - INFO - 提取前n天同时刻负载 (train.py:87)
2025-03-25 21:42:45 - app.log - INFO - 特征合并 (train.py:99)
2025-03-25 21:43:17 - app.log - INFO - 提取月份特征 (train.py:66)
2025-03-25 21:43:17 - app.log - INFO - 提取周几特征 (train.py:71)
2025-03-25 21:43:17 - app.log - INFO - 提取小时特征 (train.py:76)
2025-03-25 21:43:17 - app.log - INFO - 提取前n个小时负载 (train.py:81)
2025-03-25 21:43:17 - app.log - INFO - 提取前n天同时刻负载 (train.py:87)
2025-03-25 21:43:18 - app.log - INFO - 特征合并 (train.py:99)
2025-03-25 21:43:53 - app.log - INFO - 提取月份特征 (train.py:66)
2025-03-25 21:43:53 - app.log - INFO - 提取周几特征 (train.py:71)
2025-03-25 21:43:53 - app.log - INFO - 提取小时特征 (train.py:76)
2025-03-25 21:43:53 - app.log - INFO - 提取前n个小时负载 (train.py:81)
2025-03-25 21:43:53 - app.log - INFO - 提取前n天同时刻负载 (train.py:87)
2025-03-25 21:43:54 - app.log - INFO - 特征合并 (train.py:99)
2025-03-25 21:44:28 - app.log - INFO - 提取月份特征 (train.py:66)
2025-03-25 21:44:28 - app.log - INFO - 提取周几特征 (train.py:71)
2025-03-25 21:44:28 - app.log - INFO - 提取小时特征 (train.py:76)
2025-03-25 21:44:28 - app.log - INFO - 提取前n个小时负载 (train.py:81)
2025-03-25 21:44:28 - app.log - INFO - 提取前n天同时刻负载 (train.py:87)
2025-03-25 21:44:29 - app.log - INFO - 特征合并 (train.py:99)
2025-03-25 21:44:29 - app.log - INFO -                       时间     真实值         预测值
0    2015-08-03 00:00:00     NaN  814.489380
1    2015-08-03 01:00:00     NaN  827.838989
2    2015-08-03 02:00:00     NaN  787.390930
3    2015-08-03 03:00:00     NaN  803.955688
4    2015-08-03 04:00:00     NaN  791.210754
..                   ...     ...         ...
763                  NaN  911.99         NaN
764                  NaN  918.47         NaN
765                  NaN  914.48         NaN
766                  NaN  829.75         NaN
767                  NaN  802.80         NaN

[768 rows x 3 columns] (predict.py:53)
2025-03-25 21:44:44 - app.log - INFO - 提取月份特征 (train.py:66)
2025-03-25 21:44:44 - app.log - INFO - 提取周几特征 (train.py:71)
2025-03-25 21:44:45 - app.log - INFO - 提取小时特征 (train.py:76)
2025-03-25 21:44:45 - app.log - INFO - 提取前n个小时负载 (train.py:81)
2025-03-25 21:44:45 - app.log - INFO - 提取前n天同时刻负载 (train.py:87)
2025-03-25 21:44:46 - app.log - INFO - 特征合并 (train.py:99)
2025-03-25 21:44:46 - app.log - INFO -                       时间     真实值         预测值
0    2015-08-03 00:00:00     NaN  814.489380
1    2015-08-03 01:00:00     NaN  827.838989
2    2015-08-03 02:00:00     NaN  787.390930
3    2015-08-03 03:00:00     NaN  803.955688
4    2015-08-03 04:00:00     NaN  791.210754
..                   ...     ...         ...
763                  NaN  911.99         NaN
764                  NaN  918.47         NaN
765                  NaN  914.48         NaN
766                  NaN  829.75         NaN
767                  NaN  802.80         NaN

[768 rows x 3 columns] (predict.py:53)
2025-03-25 21:45:17 - app.log - INFO - 提取月份特征 (train.py:66)
2025-03-25 21:45:17 - app.log - INFO - 提取周几特征 (train.py:71)
2025-03-25 21:45:17 - app.log - INFO - 提取小时特征 (train.py:76)
2025-03-25 21:45:17 - app.log - INFO - 提取前n个小时负载 (train.py:81)
2025-03-25 21:45:17 - app.log - INFO - 提取前n天同时刻负载 (train.py:87)
2025-03-25 21:45:18 - app.log - INFO - 特征合并 (train.py:99)
2025-03-25 21:45:43 - app.log - INFO - 提取月份特征 (train.py:66)
2025-03-25 21:45:43 - app.log - INFO - 提取周几特征 (train.py:71)
2025-03-25 21:45:43 - app.log - INFO - 提取小时特征 (train.py:76)
2025-03-25 21:45:43 - app.log - INFO - 提取前n个小时负载 (train.py:81)
2025-03-25 21:45:43 - app.log - INFO - 提取前n天同时刻负载 (train.py:87)
2025-03-25 21:45:44 - app.log - INFO - 特征合并 (train.py:99)
2025-03-25 21:45:44 - app.log - INFO -                       时间     真实值         预测值
0    2015-08-03 00:00:00  830.62  814.489380
1    2015-08-03 01:00:00  796.67  827.838989
2    2015-08-03 02:00:00  818.64  787.390930
3    2015-08-03 03:00:00  802.66  803.955688
4    2015-08-03 04:00:00  928.45  791.210754
..                   ...     ...         ...
691  2015-08-31 19:00:00  911.99  951.625793
692  2015-08-31 20:00:00  918.47  854.896057
693  2015-08-31 21:00:00  914.48  912.779480
694  2015-08-31 22:00:00  829.75  898.719849
695  2015-08-31 23:00:00  802.80  769.969116

[696 rows x 3 columns] (predict.py:52)
2025-03-26 07:35:09 - app.log - INFO - 提取月份特征 (train.py:66)
2025-03-26 07:35:09 - app.log - INFO - 提取周几特征 (train.py:71)
2025-03-26 07:35:10 - app.log - INFO - 提取小时特征 (train.py:76)
2025-03-26 07:35:10 - app.log - INFO - 提取前n个小时负载 (train.py:81)
2025-03-26 07:35:10 - app.log - INFO - 提取前n天同时刻负载 (train.py:87)
2025-03-26 07:35:11 - app.log - INFO - 特征合并 (train.py:99)
2025-03-26 07:35:11 - app.log - INFO -                       时间     真实值         预测值
0    2015-08-03 00:00:00  830.62  814.489380
1    2015-08-03 01:00:00  796.67  827.838989
2    2015-08-03 02:00:00  818.64  787.390930
3    2015-08-03 03:00:00  802.66  803.955688
4    2015-08-03 04:00:00  928.45  791.210754
..                   ...     ...         ...
691  2015-08-31 19:00:00  911.99  951.625793
692  2015-08-31 20:00:00  918.47  854.896057
693  2015-08-31 21:00:00  914.48  912.779480
694  2015-08-31 22:00:00  829.75  898.719849
695  2015-08-31 23:00:00  802.80  769.969116

[696 rows x 3 columns] (predict.py:47)
2025-03-26 07:38:07 - app.log - INFO - 提取月份特征 (train.py:66)
2025-03-26 07:38:07 - app.log - INFO - 提取周几特征 (train.py:71)
2025-03-26 07:38:08 - app.log - INFO - 提取小时特征 (train.py:76)
2025-03-26 07:38:08 - app.log - INFO - 提取前n个小时负载 (train.py:81)
2025-03-26 07:38:08 - app.log - INFO - 提取前n天同时刻负载 (train.py:87)
2025-03-26 07:38:08 - app.log - INFO - 特征合并 (train.py:99)
2025-03-26 07:38:08 - app.log - INFO -                       时间     真实值         预测值
0    2015-08-03 00:00:00  830.62  814.489380
1    2015-08-03 01:00:00  796.67  827.838989
2    2015-08-03 02:00:00  818.64  787.390930
3    2015-08-03 03:00:00  802.66  803.955688
4    2015-08-03 04:00:00  928.45  791.210754
..                   ...     ...         ...
691  2015-08-31 19:00:00  911.99  951.625793
692  2015-08-31 20:00:00  918.47  854.896057
693  2015-08-31 21:00:00  914.48  912.779480
694  2015-08-31 22:00:00  829.75  898.719849
695  2015-08-31 23:00:00  802.80  769.969116

[696 rows x 3 columns] (predict.py:69)
